e:\datastructure\debug\vc142.pdb
e:\datastructure\debug\vc142.idb
e:\datastructure\debug\main.obj
e:\datastructure\debug\file_system.obj
e:\datastructure\debug\commands.obj
e:\datastructure\debug\datastructure.ilk
e:\datastructure\debug\datastructure.exe
e:\datastructure\debug\datastructure.pdb
e:\datastructure\debug\datastructure.tlog\cl.command.1.tlog
e:\datastructure\debug\datastructure.tlog\cl.read.1.tlog
e:\datastructure\debug\datastructure.tlog\cl.write.1.tlog
e:\datastructure\debug\datastructure.tlog\link.16900-cvtres.read.1.tlog
e:\datastructure\debug\datastructure.tlog\link.16900-cvtres.write.1.tlog
e:\datastructure\debug\datastructure.tlog\link.16900-rc.read.1.tlog
e:\datastructure\debug\datastructure.tlog\link.16900-rc.write.1.tlog
e:\datastructure\debug\datastructure.tlog\link.16900.read.1.tlog
e:\datastructure\debug\datastructure.tlog\link.16900.write.1.tlog
e:\datastructure\debug\datastructure.tlog\link.command.1.tlog
e:\datastructure\debug\datastructure.tlog\link.read.1.tlog
e:\datastructure\debug\datastructure.tlog\link.write.1.tlog
